{"/Users/carolina/Documents/Personal/learning/udemy/reactNative/navigationapp2/App.tsx": {"path":"/Users/carolina/Documents/Personal/learning/udemy/reactNative/navigationapp2/App.tsx","statementMap":{"0":{"start":{"line":4,"column":12},"end":{"line":10,"column":1}},"1":{"start":{"line":5,"column":2},"end":{"line":9,"column":4}}},"fnMap":{"0":{"name":"(anonymous_0)","decl":{"start":{"line":4,"column":12},"end":{"line":4,"column":13}},"loc":{"start":{"line":4,"column":18},"end":{"line":10,"column":1}},"line":4}},"branchMap":{},"s":{"0":1,"1":1},"f":{"0":1},"b":{},"_coverageSchema":"1a1c01bbd47fc00a2c39e90264f33305004495a9","hash":"eb2021c66091c0dff5e44eaf4ba172393a99bf60"}
}
